npm warn Unknown project config "public-hoist-pattern". This will stop working in the next major version of npm.

> build
> vite build

[36mvite v7.3.1 [32mbuilding client environment for production...[36m[39m
[plugin @laravel/vite-plugin-wayfinder] Types generated for actions, routes, form variants
transforming...
[32m✓[39m 3228 modules transformed.
[31m✗[39m Build failed in 2m 19s
[31merror during build:
[31mresources/js/layouts/auth/AuthSimpleLayout.vue?vue&type=script&setup=true&lang.ts (16:9): "home" is not exported by "resources/js/routes/index.ts", imported by "resources/js/layouts/auth/AuthSimpleLayout.vue?vue&type=script&setup=true&lang.ts".[31m
file: [36mC:/xampp/htdocs/projects/DadouConfort/resources/js/layouts/auth/AuthSimpleLayout.vue?vue&type=script&setup=true&lang.ts:16:9[31m
[33m
14: import { Link } from '@inertiajs/vue3';
15: import AppLogoIcon from '@/components/AppLogoIcon.vue';
16: import { home } from '@/routes';
             ^
[31m
    at getRollupError (file:///C:/xampp/htdocs/projects/DadouConfort/node_modules/rollup/dist/es/shared/parseAst.js:402:41)
    at error (file:///C:/xampp/htdocs/projects/DadouConfort/node_modules/rollup/dist/es/shared/parseAst.js:398:42)
    at Module.error (file:///C:/xampp/htdocs/projects/DadouConfort/node_modules/rollup/dist/es/shared/node-entry.js:17040:16)
    at Module.traceVariable (file:///C:/xampp/htdocs/projects/DadouConfort/node_modules/rollup/dist/es/shared/node-entry.js:17452:29)
    at ModuleScope.findVariable (file:///C:/xampp/htdocs/projects/DadouConfort/node_modules/rollup/dist/es/shared/node-entry.js:15070:39)
    at ChildScope.findVariable (file:///C:/xampp/htdocs/projects/DadouConfort/node_modules/rollup/dist/es/shared/node-entry.js:5673:38)
    at FunctionScope.findVariable (file:///C:/xampp/htdocs/projects/DadouConfort/node_modules/rollup/dist/es/shared/node-entry.js:5673:38)
    at FunctionBodyScope.findVariable (file:///C:/xampp/htdocs/projects/DadouConfort/node_modules/rollup/dist/es/shared/node-entry.js:5673:38)
    at ReturnValueScope.findVariable (file:///C:/xampp/htdocs/projects/DadouConfort/node_modules/rollup/dist/es/shared/node-entry.js:5673:38)
    at FunctionBodyScope.findVariable (file:///C:/xampp/htdocs/projects/DadouConfort/node_modules/rollup/dist/es/shared/node-entry.js:5673:38)[39m
