npm warn Unknown project config "public-hoist-pattern". This will stop working in the next major version of npm.

> build
> vite build

[36mvite v7.3.1 [32mbuilding client environment for production...[36m[39m
[plugin @laravel/vite-plugin-wayfinder] Types generated for actions, routes, form variants
transforming...
[32m✓[39m 4 modules transformed.
[31m✗[39m Build failed in 11.33s
[31merror during build:
[31m[vite:vue] [plugin vite:vue] resources/js/pages/Contrats/Show.vue (138:9): Invalid end tag.[31m
file: [36mC:/xampp/htdocs/projects/DadouConfort/resources/js/pages/Contrats/Show.vue:138:9[31m
SyntaxError: [plugin vite:vue] resources/js/pages/Contrats/Show.vue (138:9): Invalid end tag.
    at createCompilerError (C:\xampp\htdocs\projects\DadouConfort\node_modules\@vue\compiler-core\dist\compiler-core.cjs.prod.js:1374:17)
    at emitError (C:\xampp\htdocs\projects\DadouConfort\node_modules\@vue\compiler-core\dist\compiler-core.cjs.prod.js:2980:5)
    at Object.onclosetag (C:\xampp\htdocs\projects\DadouConfort\node_modules\@vue\compiler-core\dist\compiler-core.cjs.prod.js:2387:9)
    at Tokenizer.stateInClosingTagName (C:\xampp\htdocs\projects\DadouConfort\node_modules\@vue\compiler-core\dist\compiler-core.cjs.prod.js:799:16)
    at Tokenizer.parse (C:\xampp\htdocs\projects\DadouConfort\node_modules\@vue\compiler-core\dist\compiler-core.cjs.prod.js:1157:16)
    at Object.baseParse (C:\xampp\htdocs\projects\DadouConfort\node_modules\@vue\compiler-core\dist\compiler-core.cjs.prod.js:3012:13)
    at Object.parse (C:\xampp\htdocs\projects\DadouConfort\node_modules\@vue\compiler-dom\dist\compiler-dom.cjs.prod.js:665:23)
    at Object.parse$1 [as parse] (C:\xampp\htdocs\projects\DadouConfort\node_modules\@vue\compiler-sfc\dist\compiler-sfc.cjs.js:1824:24)
    at createDescriptor (file:///C:/xampp/htdocs/projects/DadouConfort/node_modules/@vitejs/plugin-vue/dist/index.mjs:54:42)
    at transformMain (file:///C:/xampp/htdocs/projects/DadouConfort/node_modules/@vitejs/plugin-vue/dist/index.mjs:1319:33)[39m
